{"/Users/davidortiz/Projects/cs-brain-tracker/src/api/routes/auth.js": {"path":"/Users/davidortiz/Projects/cs-brain-tracker/src/api/routes/auth.js","statementMap":{"0":{"start":{"line":1,"column":16},"end":{"line":1,"column":34}},"1":{"start":{"line":2,"column":15},"end":{"line":2,"column":34}},"2":{"start":{"line":3,"column":47},"end":{"line":3,"column":79}},"3":{"start":{"line":4,"column":21},"end":{"line":4,"column":57}},"4":{"start":{"line":5,"column":13},"end":{"line":5,"column":41}},"5":{"start":{"line":6,"column":15},"end":{"line":6,"column":31}},"6":{"start":{"line":13,"column":0},"end":{"line":43,"column":3}},"7":{"start":{"line":14,"column":2},"end":{"line":42,"column":3}},"8":{"start":{"line":15,"column":32},"end":{"line":15,"column":40}},"9":{"start":{"line":18,"column":4},"end":{"line":22,"column":5}},"10":{"start":{"line":19,"column":6},"end":{"line":21,"column":9}},"11":{"start":{"line":25,"column":23},"end":{"line":25,"column":51}},"12":{"start":{"line":26,"column":4},"end":{"line":30,"column":5}},"13":{"start":{"line":27,"column":6},"end":{"line":29,"column":9}},"14":{"start":{"line":32,"column":17},"end":{"line":32,"column":70}},"15":{"start":{"line":33,"column":4},"end":{"line":35,"column":5}},"16":{"start":{"line":34,"column":6},"end":{"line":34,"column":70}},"17":{"start":{"line":37,"column":24},"end":{"line":37,"column":76}},"18":{"start":{"line":38,"column":19},"end":{"line":38,"column":70}},"19":{"start":{"line":39,"column":4},"end":{"line":39,"column":21}},"20":{"start":{"line":41,"column":4},"end":{"line":41,"column":14}},"21":{"start":{"line":50,"column":0},"end":{"line":76,"column":3}},"22":{"start":{"line":51,"column":2},"end":{"line":75,"column":3}},"23":{"start":{"line":52,"column":29},"end":{"line":52,"column":37}},"24":{"start":{"line":55,"column":4},"end":{"line":59,"column":5}},"25":{"start":{"line":56,"column":6},"end":{"line":58,"column":9}},"26":{"start":{"line":62,"column":4},"end":{"line":66,"column":5}},"27":{"start":{"line":63,"column":6},"end":{"line":65,"column":9}},"28":{"start":{"line":67,"column":24},"end":{"line":67,"column":52}},"29":{"start":{"line":68,"column":19},"end":{"line":68,"column":70}},"30":{"start":{"line":69,"column":4},"end":{"line":69,"column":21}},"31":{"start":{"line":71,"column":4},"end":{"line":73,"column":5}},"32":{"start":{"line":72,"column":6},"end":{"line":72,"column":60}},"33":{"start":{"line":74,"column":4},"end":{"line":74,"column":14}},"34":{"start":{"line":83,"column":0},"end":{"line":95,"column":3}},"35":{"start":{"line":84,"column":2},"end":{"line":94,"column":3}},"36":{"start":{"line":85,"column":29},"end":{"line":85,"column":37}},"37":{"start":{"line":86,"column":4},"end":{"line":88,"column":5}},"38":{"start":{"line":87,"column":6},"end":{"line":87,"column":72}},"39":{"start":{"line":89,"column":22},"end":{"line":89,"column":95}},"40":{"start":{"line":90,"column":4},"end":{"line":90,"column":75}},"41":{"start":{"line":91,"column":4},"end":{"line":91,"column":40}},"42":{"start":{"line":93,"column":4},"end":{"line":93,"column":14}},"43":{"start":{"line":102,"column":0},"end":{"line":135,"column":3}},"44":{"start":{"line":103,"column":2},"end":{"line":134,"column":3}},"45":{"start":{"line":104,"column":29},"end":{"line":104,"column":37}},"46":{"start":{"line":106,"column":4},"end":{"line":110,"column":5}},"47":{"start":{"line":107,"column":6},"end":{"line":109,"column":9}},"48":{"start":{"line":112,"column":25},"end":{"line":112,"column":61}},"49":{"start":{"line":113,"column":19},"end":{"line":113,"column":36}},"50":{"start":{"line":116,"column":22},"end":{"line":116,"column":84}},"51":{"start":{"line":119,"column":19},"end":{"line":123,"column":5}},"52":{"start":{"line":125,"column":4},"end":{"line":129,"column":5}},"53":{"start":{"line":126,"column":6},"end":{"line":128,"column":9}},"54":{"start":{"line":131,"column":4},"end":{"line":131,"column":53}},"55":{"start":{"line":133,"column":4},"end":{"line":133,"column":14}},"56":{"start":{"line":138,"column":0},"end":{"line":145,"column":3}},"57":{"start":{"line":141,"column":2},"end":{"line":143,"column":3}},"58":{"start":{"line":142,"column":4},"end":{"line":142,"column":61}},"59":{"start":{"line":144,"column":2},"end":{"line":144,"column":63}},"60":{"start":{"line":147,"column":0},"end":{"line":147,"column":24}}},"fnMap":{"0":{"name":"(anonymous_0)","decl":{"start":{"line":13,"column":22},"end":{"line":13,"column":23}},"loc":{"start":{"line":13,"column":48},"end":{"line":43,"column":1}},"line":13},"1":{"name":"(anonymous_1)","decl":{"start":{"line":50,"column":24},"end":{"line":50,"column":25}},"loc":{"start":{"line":50,"column":50},"end":{"line":76,"column":1}},"line":50},"2":{"name":"(anonymous_2)","decl":{"start":{"line":83,"column":23},"end":{"line":83,"column":24}},"loc":{"start":{"line":83,"column":49},"end":{"line":95,"column":1}},"line":83},"3":{"name":"(anonymous_3)","decl":{"start":{"line":102,"column":23},"end":{"line":102,"column":24}},"loc":{"start":{"line":102,"column":49},"end":{"line":135,"column":1}},"line":102},"4":{"name":"(anonymous_4)","decl":{"start":{"line":138,"column":18},"end":{"line":138,"column":19}},"loc":{"start":{"line":138,"column":38},"end":{"line":145,"column":1}},"line":138}},"branchMap":{"0":{"loc":{"start":{"line":18,"column":4},"end":{"line":22,"column":5}},"type":"if","locations":[{"start":{"line":18,"column":4},"end":{"line":22,"column":5}},{"start":{},"end":{}}],"line":18},"1":{"loc":{"start":{"line":18,"column":8},"end":{"line":18,"column":27}},"type":"binary-expr","locations":[{"start":{"line":18,"column":8},"end":{"line":18,"column":14}},{"start":{"line":18,"column":18},"end":{"line":18,"column":27}}],"line":18},"2":{"loc":{"start":{"line":26,"column":4},"end":{"line":30,"column":5}},"type":"if","locations":[{"start":{"line":26,"column":4},"end":{"line":30,"column":5}},{"start":{},"end":{}}],"line":26},"3":{"loc":{"start":{"line":33,"column":4},"end":{"line":35,"column":5}},"type":"if","locations":[{"start":{"line":33,"column":4},"end":{"line":35,"column":5}},{"start":{},"end":{}}],"line":33},"4":{"loc":{"start":{"line":33,"column":8},"end":{"line":33,"column":56}},"type":"binary-expr","locations":[{"start":{"line":33,"column":8},"end":{"line":33,"column":13}},{"start":{"line":33,"column":17},"end":{"line":33,"column":56}}],"line":33},"5":{"loc":{"start":{"line":37,"column":24},"end":{"line":37,"column":76}},"type":"binary-expr","locations":[{"start":{"line":37,"column":24},"end":{"line":37,"column":39}},{"start":{"line":37,"column":43},"end":{"line":37,"column":63}},{"start":{"line":37,"column":67},"end":{"line":37,"column":76}}],"line":37},"6":{"loc":{"start":{"line":55,"column":4},"end":{"line":59,"column":5}},"type":"if","locations":[{"start":{"line":55,"column":4},"end":{"line":59,"column":5}},{"start":{},"end":{}}],"line":55},"7":{"loc":{"start":{"line":62,"column":4},"end":{"line":66,"column":5}},"type":"if","locations":[{"start":{"line":62,"column":4},"end":{"line":66,"column":5}},{"start":{},"end":{}}],"line":62},"8":{"loc":{"start":{"line":67,"column":24},"end":{"line":67,"column":52}},"type":"binary-expr","locations":[{"start":{"line":67,"column":24},"end":{"line":67,"column":39}},{"start":{"line":67,"column":43},"end":{"line":67,"column":52}}],"line":67},"9":{"loc":{"start":{"line":71,"column":4},"end":{"line":73,"column":5}},"type":"if","locations":[{"start":{"line":71,"column":4},"end":{"line":73,"column":5}},{"start":{},"end":{}}],"line":71},"10":{"loc":{"start":{"line":71,"column":8},"end":{"line":71,"column":105}},"type":"binary-expr","locations":[{"start":{"line":71,"column":8},"end":{"line":71,"column":19}},{"start":{"line":71,"column":24},"end":{"line":71,"column":69}},{"start":{"line":71,"column":73},"end":{"line":71,"column":104}}],"line":71},"11":{"loc":{"start":{"line":86,"column":4},"end":{"line":88,"column":5}},"type":"if","locations":[{"start":{"line":86,"column":4},"end":{"line":88,"column":5}},{"start":{},"end":{}}],"line":86},"12":{"loc":{"start":{"line":106,"column":4},"end":{"line":110,"column":5}},"type":"if","locations":[{"start":{"line":106,"column":4},"end":{"line":110,"column":5}},{"start":{},"end":{}}],"line":106},"13":{"loc":{"start":{"line":125,"column":4},"end":{"line":129,"column":5}},"type":"if","locations":[{"start":{"line":125,"column":4},"end":{"line":129,"column":5}},{"start":{},"end":{}}],"line":125},"14":{"loc":{"start":{"line":141,"column":2},"end":{"line":143,"column":3}},"type":"if","locations":[{"start":{"line":141,"column":2},"end":{"line":143,"column":3}},{"start":{},"end":{}}],"line":141}},"s":{"0":3,"1":3,"2":3,"3":3,"4":3,"5":3,"6":3,"7":17,"8":17,"9":17,"10":3,"11":14,"12":14,"13":2,"14":12,"15":12,"16":9,"17":3,"18":3,"19":3,"20":0,"21":3,"22":7,"23":7,"24":7,"25":2,"26":5,"27":1,"28":4,"29":4,"30":2,"31":2,"32":2,"33":0,"34":3,"35":0,"36":0,"37":0,"38":0,"39":0,"40":0,"41":0,"42":0,"43":3,"44":0,"45":0,"46":0,"47":0,"48":0,"49":0,"50":0,"51":0,"52":0,"53":0,"54":0,"55":0,"56":3,"57":1,"58":1,"59":0,"60":3},"f":{"0":17,"1":7,"2":0,"3":0,"4":1},"b":{"0":[3,14],"1":[17,15],"2":[2,12],"3":[9,3],"4":[12,4],"5":[3,0,0],"6":[2,5],"7":[1,4],"8":[4,0],"9":[2,0],"10":[2,2,0],"11":[0,0],"12":[0,0],"13":[0,0],"14":[1,0]},"_coverageSchema":"1a1c01bbd47fc00a2c39e90264f33305004495a9","hash":"8fdcbc34224ac98e599adde61a3e4dd06b1219e7"}
,"/Users/davidortiz/Projects/cs-brain-tracker/src/middleware/auth.js": {"path":"/Users/davidortiz/Projects/cs-brain-tracker/src/middleware/auth.js","statementMap":{"0":{"start":{"line":19,"column":13},"end":{"line":19,"column":28}},"1":{"start":{"line":20,"column":11},"end":{"line":20,"column":24}},"2":{"start":{"line":21,"column":15},"end":{"line":21,"column":32}},"3":{"start":{"line":22,"column":16},"end":{"line":22,"column":35}},"4":{"start":{"line":23,"column":38},"end":{"line":23,"column":60}},"5":{"start":{"line":24,"column":21},"end":{"line":24,"column":44}},"6":{"start":{"line":25,"column":21},"end":{"line":25,"column":54}},"7":{"start":{"line":30,"column":25},"end":{"line":30,"column":71}},"8":{"start":{"line":31,"column":24},"end":{"line":31,"column":69}},"9":{"start":{"line":33,"column":15},"end":{"line":33,"column":74}},"10":{"start":{"line":34,"column":17},"end":{"line":34,"column":67}},"11":{"start":{"line":37,"column":16},"end":{"line":37,"column":36}},"12":{"start":{"line":38,"column":18},"end":{"line":45,"column":44}},"13":{"start":{"line":57,"column":2},"end":{"line":57,"column":65}},"14":{"start":{"line":69,"column":2},"end":{"line":69,"column":73}},"15":{"start":{"line":69,"column":17},"end":{"line":69,"column":73}},"16":{"start":{"line":71,"column":21},"end":{"line":71,"column":62}},"17":{"start":{"line":74,"column":22},"end":{"line":86,"column":3}},"18":{"start":{"line":89,"column":21},"end":{"line":89,"column":59}},"19":{"start":{"line":90,"column":23},"end":{"line":95,"column":4}},"20":{"start":{"line":96,"column":2},"end":{"line":96,"column":28}},"21":{"start":{"line":98,"column":2},"end":{"line":98,"column":51}},"22":{"start":{"line":110,"column":20},"end":{"line":110,"column":46}},"23":{"start":{"line":111,"column":19},"end":{"line":111,"column":60}},"24":{"start":{"line":113,"column":21},"end":{"line":113,"column":85}},"25":{"start":{"line":114,"column":2},"end":{"line":116,"column":3}},"26":{"start":{"line":115,"column":4},"end":{"line":115,"column":45}},"27":{"start":{"line":117,"column":2},"end":{"line":119,"column":3}},"28":{"start":{"line":118,"column":4},"end":{"line":118,"column":45}},"29":{"start":{"line":122,"column":2},"end":{"line":122,"column":27}},"30":{"start":{"line":123,"column":2},"end":{"line":123,"column":24}},"31":{"start":{"line":126,"column":18},"end":{"line":126,"column":74}},"32":{"start":{"line":127,"column":2},"end":{"line":127,"column":17}},"33":{"start":{"line":139,"column":17},"end":{"line":144,"column":59}},"34":{"start":{"line":152,"column":2},"end":{"line":163,"column":3}},"35":{"start":{"line":153,"column":20},"end":{"line":153,"column":32}},"36":{"start":{"line":154,"column":21},"end":{"line":156,"column":10}},"37":{"start":{"line":157,"column":4},"end":{"line":159,"column":5}},"38":{"start":{"line":158,"column":6},"end":{"line":158,"column":73}},"39":{"start":{"line":160,"column":4},"end":{"line":160,"column":11}},"40":{"start":{"line":162,"column":4},"end":{"line":162,"column":14}},"41":{"start":{"line":166,"column":0},"end":{"line":171,"column":2}}},"fnMap":{"0":{"name":"hashToken","decl":{"start":{"line":56,"column":9},"end":{"line":56,"column":18}},"loc":{"start":{"line":56,"column":26},"end":{"line":58,"column":1}},"line":56},"1":{"name":"generateTokens","decl":{"start":{"line":68,"column":15},"end":{"line":68,"column":29}},"loc":{"start":{"line":68,"column":49},"end":{"line":99,"column":1}},"line":68},"2":{"name":"rotateRefreshToken","decl":{"start":{"line":109,"column":15},"end":{"line":109,"column":33}},"loc":{"start":{"line":109,"column":64},"end":{"line":128,"column":1}},"line":109},"3":{"name":"enforceTokenBinding","decl":{"start":{"line":151,"column":9},"end":{"line":151,"column":28}},"loc":{"start":{"line":151,"column":45},"end":{"line":164,"column":1}},"line":151}},"branchMap":{"0":{"loc":{"start":{"line":33,"column":15},"end":{"line":33,"column":74}},"type":"binary-expr","locations":[{"start":{"line":33,"column":15},"end":{"line":33,"column":37}},{"start":{"line":33,"column":41},"end":{"line":33,"column":74}}],"line":33},"1":{"loc":{"start":{"line":34,"column":17},"end":{"line":34,"column":67}},"type":"binary-expr","locations":[{"start":{"line":34,"column":17},"end":{"line":34,"column":41}},{"start":{"line":34,"column":45},"end":{"line":34,"column":67}}],"line":34},"2":{"loc":{"start":{"line":38,"column":18},"end":{"line":45,"column":44}},"type":"cond-expr","locations":[{"start":{"line":39,"column":4},"end":{"line":44,"column":6}},{"start":{"line":45,"column":4},"end":{"line":45,"column":44}}],"line":38},"3":{"loc":{"start":{"line":69,"column":2},"end":{"line":69,"column":73}},"type":"if","locations":[{"start":{"line":69,"column":2},"end":{"line":69,"column":73}},{"start":{},"end":{}}],"line":69},"4":{"loc":{"start":{"line":77,"column":10},"end":{"line":77,"column":74}},"type":"cond-expr","locations":[{"start":{"line":77,"column":44},"end":{"line":77,"column":60}},{"start":{"line":77,"column":63},"end":{"line":77,"column":74}}],"line":77},"5":{"loc":{"start":{"line":93,"column":12},"end":{"line":93,"column":76}},"type":"cond-expr","locations":[{"start":{"line":93,"column":46},"end":{"line":93,"column":62}},{"start":{"line":93,"column":65},"end":{"line":93,"column":76}}],"line":93},"6":{"loc":{"start":{"line":113,"column":21},"end":{"line":113,"column":85}},"type":"cond-expr","locations":[{"start":{"line":113,"column":55},"end":{"line":113,"column":71}},{"start":{"line":113,"column":74},"end":{"line":113,"column":85}}],"line":113},"7":{"loc":{"start":{"line":114,"column":2},"end":{"line":116,"column":3}},"type":"if","locations":[{"start":{"line":114,"column":2},"end":{"line":116,"column":3}},{"start":{},"end":{}}],"line":114},"8":{"loc":{"start":{"line":114,"column":6},"end":{"line":114,"column":70}},"type":"binary-expr","locations":[{"start":{"line":114,"column":6},"end":{"line":114,"column":15}},{"start":{"line":114,"column":19},"end":{"line":114,"column":36}},{"start":{"line":114,"column":40},"end":{"line":114,"column":70}}],"line":114},"9":{"loc":{"start":{"line":117,"column":2},"end":{"line":119,"column":3}},"type":"if","locations":[{"start":{"line":117,"column":2},"end":{"line":119,"column":3}},{"start":{},"end":{}}],"line":117},"10":{"loc":{"start":{"line":154,"column":21},"end":{"line":156,"column":10}},"type":"cond-expr","locations":[{"start":{"line":155,"column":7},"end":{"line":155,"column":83}},{"start":{"line":156,"column":6},"end":{"line":156,"column":10}}],"line":154},"11":{"loc":{"start":{"line":155,"column":7},"end":{"line":155,"column":83}},"type":"cond-expr","locations":[{"start":{"line":155,"column":45},"end":{"line":155,"column":65}},{"start":{"line":155,"column":68},"end":{"line":155,"column":83}}],"line":155},"12":{"loc":{"start":{"line":157,"column":4},"end":{"line":159,"column":5}},"type":"if","locations":[{"start":{"line":157,"column":4},"end":{"line":159,"column":5}},{"start":{},"end":{}}],"line":157},"13":{"loc":{"start":{"line":157,"column":8},"end":{"line":157,"column":51}},"type":"binary-expr","locations":[{"start":{"line":157,"column":8},"end":{"line":157,"column":15}},{"start":{"line":157,"column":19},"end":{"line":157,"column":27}},{"start":{"line":157,"column":31},"end":{"line":157,"column":51}}],"line":157}},"s":{"0":3,"1":3,"2":3,"3":3,"4":3,"5":3,"6":3,"7":3,"8":3,"9":3,"10":3,"11":3,"12":3,"13":9,"14":5,"15":0,"16":5,"17":5,"18":5,"19":5,"20":5,"21":5,"22":4,"23":4,"24":4,"25":4,"26":2,"27":2,"28":0,"29":2,"30":2,"31":2,"32":2,"33":3,"34":25,"35":25,"36":25,"37":25,"38":0,"39":25,"40":0,"41":3},"f":{"0":9,"1":5,"2":4,"3":25},"b":{"0":[3,0],"1":[3,0],"2":[0,3],"3":[0,5],"4":[5,0],"5":[5,0],"6":[4,0],"7":[2,2],"8":[4,3,2],"9":[0,2],"10":[25,0],"11":[25,0],"12":[0,25],"13":[25,0,0]},"_coverageSchema":"1a1c01bbd47fc00a2c39e90264f33305004495a9","hash":"62c2dcfa3ee5629febe0a7e7e0818a78a5adf26b"}
}
