TN:
SF:src/api/routes/auth.js
FN:13,(anonymous_0)
FN:50,(anonymous_1)
FN:83,(anonymous_2)
FN:102,(anonymous_3)
FN:138,(anonymous_4)
FNF:5
FNH:3
FNDA:17,(anonymous_0)
FNDA:7,(anonymous_1)
FNDA:0,(anonymous_2)
FNDA:0,(anonymous_3)
FNDA:1,(anonymous_4)
DA:1,3
DA:2,3
DA:3,3
DA:4,3
DA:5,3
DA:6,3
DA:13,3
DA:14,17
DA:15,17
DA:18,17
DA:19,3
DA:25,14
DA:26,14
DA:27,2
DA:32,12
DA:33,12
DA:34,9
DA:37,3
DA:38,3
DA:39,3
DA:41,0
DA:50,3
DA:51,7
DA:52,7
DA:55,7
DA:56,2
DA:62,5
DA:63,1
DA:67,4
DA:68,4
DA:69,2
DA:71,2
DA:72,2
DA:74,0
DA:83,3
DA:84,0
DA:85,0
DA:86,0
DA:87,0
DA:89,0
DA:90,0
DA:91,0
DA:93,0
DA:102,3
DA:103,0
DA:104,0
DA:106,0
DA:107,0
DA:112,0
DA:113,0
DA:116,0
DA:119,0
DA:125,0
DA:126,0
DA:131,0
DA:133,0
DA:138,3
DA:141,1
DA:142,1
DA:144,0
DA:147,3
LF:61
LH:38
BRDA:18,0,0,3
BRDA:18,0,1,14
BRDA:18,1,0,17
BRDA:18,1,1,15
BRDA:26,2,0,2
BRDA:26,2,1,12
BRDA:33,3,0,9
BRDA:33,3,1,3
BRDA:33,4,0,12
BRDA:33,4,1,4
BRDA:37,5,0,3
BRDA:37,5,1,0
BRDA:37,5,2,0
BRDA:55,6,0,2
BRDA:55,6,1,5
BRDA:62,7,0,1
BRDA:62,7,1,4
BRDA:67,8,0,4
BRDA:67,8,1,0
BRDA:71,9,0,2
BRDA:71,9,1,0
BRDA:71,10,0,2
BRDA:71,10,1,2
BRDA:71,10,2,0
BRDA:86,11,0,0
BRDA:86,11,1,0
BRDA:106,12,0,0
BRDA:106,12,1,0
BRDA:125,13,0,0
BRDA:125,13,1,0
BRDA:141,14,0,1
BRDA:141,14,1,0
BRF:32
BRH:20
end_of_record
TN:
SF:src/middleware/auth.js
FN:56,hashToken
FN:68,generateTokens
FN:109,rotateRefreshToken
FN:151,enforceTokenBinding
FNF:4
FNH:4
FNDA:9,hashToken
FNDA:5,generateTokens
FNDA:4,rotateRefreshToken
FNDA:25,enforceTokenBinding
DA:19,3
DA:20,3
DA:21,3
DA:22,3
DA:23,3
DA:24,3
DA:25,3
DA:30,3
DA:31,3
DA:33,3
DA:34,3
DA:37,3
DA:38,3
DA:57,9
DA:69,5
DA:71,5
DA:74,5
DA:89,5
DA:90,5
DA:96,5
DA:98,5
DA:110,4
DA:111,4
DA:113,4
DA:114,4
DA:115,2
DA:117,2
DA:118,0
DA:122,2
DA:123,2
DA:126,2
DA:127,2
DA:139,3
DA:152,25
DA:153,25
DA:154,25
DA:157,25
DA:158,0
DA:160,25
DA:162,0
DA:166,3
LF:41
LH:38
BRDA:33,0,0,3
BRDA:33,0,1,0
BRDA:34,1,0,3
BRDA:34,1,1,0
BRDA:38,2,0,0
BRDA:38,2,1,3
BRDA:69,3,0,0
BRDA:69,3,1,5
BRDA:77,4,0,5
BRDA:77,4,1,0
BRDA:93,5,0,5
BRDA:93,5,1,0
BRDA:113,6,0,4
BRDA:113,6,1,0
BRDA:114,7,0,2
BRDA:114,7,1,2
BRDA:114,8,0,4
BRDA:114,8,1,3
BRDA:114,8,2,2
BRDA:117,9,0,0
BRDA:117,9,1,2
BRDA:154,10,0,25
BRDA:154,10,1,0
BRDA:155,11,0,25
BRDA:155,11,1,0
BRDA:157,12,0,0
BRDA:157,12,1,25
BRDA:157,13,0,25
BRDA:157,13,1,0
BRDA:157,13,2,0
BRF:30
BRH:17
end_of_record
